2020-09-22 12:28:41 INFO  Log:62 - ****************************************************************************************
2020-09-22 12:28:41 INFO  Log:63 - $$$$$$$$$$$$$$$$$$$$$       S-T-A-R-T       Download_Validate_Spend_and_ConsumptionYOY_records_with_YOY_report        S-T-A-R-T     $$$$$$$$$$$$$$$$$$$$$$$$$
2020-09-22 12:29:31 INFO  Log:81 - Login Successfull
2020-09-22 12:29:48 INFO  Log:81 - Clicked  workspace_lnk
2020-09-22 12:29:53 INFO  Log:81 - Toos_btn is visible on the page
2020-09-22 12:30:05 INFO  Log:81 - Clicked  workspace_lnk
2020-09-22 12:30:05 INFO  Log:81 - workspace selected
2020-09-22 12:30:34 INFO  Log:81 - Bubble : Analytics>Reporting>Spend and ConsumptionYOY Selected
2020-09-22 12:32:05 INFO  Log:81 - ELECTRIC/LIGHT RENTAL selected from utility dropdown
2020-09-22 12:33:14 INFO  Log:81 - SpendConsumptionYOY_table have no records to display
2020-09-22 12:34:23 INFO  Log:81 - An exception occured while taking screenshot null
2020-09-22 12:34:23 INFO  Log:81 - Bubble : Analytics>Reporting>Spend and ConsumptionYOY Selection error
2020-09-22 12:34:43 INFO  Log:81 - Generic exception e [chrome not reachable
  (Session info: chrome=85.0.4183.102)
Build info: version: '3.141.59', revision: 'e82be7d358', time: '2018-11-14T08:17:03'
System info: host: 'DESKTOP-2EOAABF', ip: '192.168.0.109', os.name: 'Windows 10', os.arch: 'amd64', os.version: '10.0', java.version: '12.0.2'
Driver info: org.openqa.selenium.chrome.ChromeDriver
Capabilities {acceptInsecureCerts: false, browserName: chrome, browserVersion: 85.0.4183.102, chrome: {chromedriverVersion: 85.0.4183.87 (cd6713ebf92fa..., userDataDir: C:\Users\hp\AppData\Local\T...}, goog:chromeOptions: {debuggerAddress: localhost:65215}, javascriptEnabled: true, networkConnectionEnabled: false, pageLoadStrategy: normal, platform: WINDOWS, platformName: WINDOWS, proxy: Proxy(), setWindowRect: true, strictFileInteractability: false, timeouts: {implicit: 0, pageLoad: 300000, script: 30000}, unhandledPromptBehavior: dismiss and notify, webauthn:virtualAuthenticators: true}
Session ID: 811bb0787607529ddf208d26f0c91c03
*** Element info: {Using=id, value=ddlClient}]
2020-09-22 12:35:07 INFO  Log:81 - An exception occured while taking screenshot null
2020-09-22 12:35:07 INFO  Log:81 - Forest Grove selection error in client dropdown
2020-09-22 12:35:19 INFO  Log:81 - Generic exception e [chrome not reachable
  (Session info: chrome=85.0.4183.102)
Build info: version: '3.141.59', revision: 'e82be7d358', time: '2018-11-14T08:17:03'
System info: host: 'DESKTOP-2EOAABF', ip: '192.168.0.109', os.name: 'Windows 10', os.arch: 'amd64', os.version: '10.0', java.version: '12.0.2'
Driver info: org.openqa.selenium.chrome.ChromeDriver
Capabilities {acceptInsecureCerts: false, browserName: chrome, browserVersion: 85.0.4183.102, chrome: {chromedriverVersion: 85.0.4183.87 (cd6713ebf92fa..., userDataDir: C:\Users\hp\AppData\Local\T...}, goog:chromeOptions: {debuggerAddress: localhost:65215}, javascriptEnabled: true, networkConnectionEnabled: false, pageLoadStrategy: normal, platform: WINDOWS, platformName: WINDOWS, proxy: Proxy(), setWindowRect: true, strictFileInteractability: false, timeouts: {implicit: 0, pageLoad: 300000, script: 30000}, unhandledPromptBehavior: dismiss and notify, webauthn:virtualAuthenticators: true}
Session ID: 811bb0787607529ddf208d26f0c91c03
*** Element info: {Using=id, value=ddlCommodity}]
2020-09-22 12:35:44 INFO  Log:81 - An exception occured while taking screenshot null
2020-09-22 12:35:44 INFO  Log:81 - ELECTRIC/LIGHT RENTAL selected error in utility dropdown
2020-09-22 12:35:56 INFO  Log:81 - Generic exception e [chrome not reachable
  (Session info: chrome=85.0.4183.102)
Build info: version: '3.141.59', revision: 'e82be7d358', time: '2018-11-14T08:17:03'
System info: host: 'DESKTOP-2EOAABF', ip: '192.168.0.109', os.name: 'Windows 10', os.arch: 'amd64', os.version: '10.0', java.version: '12.0.2'
Driver info: org.openqa.selenium.chrome.ChromeDriver
Capabilities {acceptInsecureCerts: false, browserName: chrome, browserVersion: 85.0.4183.102, chrome: {chromedriverVersion: 85.0.4183.87 (cd6713ebf92fa..., userDataDir: C:\Users\hp\AppData\Local\T...}, goog:chromeOptions: {debuggerAddress: localhost:65215}, javascriptEnabled: true, networkConnectionEnabled: false, pageLoadStrategy: normal, platform: WINDOWS, platformName: WINDOWS, proxy: Proxy(), setWindowRect: true, strictFileInteractability: false, timeouts: {implicit: 0, pageLoad: 300000, script: 30000}, unhandledPromptBehavior: dismiss and notify, webauthn:virtualAuthenticators: true}
Session ID: 811bb0787607529ddf208d26f0c91c03
*** Element info: {Using=xpath, value=//label[contains(text(),'From')]//following::angulardropdownlist[1]}]
