2020-09-23 17:00:43 INFO  Log:62 - ****************************************************************************************
2020-09-23 17:00:43 INFO  Log:63 - $$$$$$$$$$$$$$$$$$$$$       S-T-A-R-T       Validate_YOY_Records_with_Spend_and_Consumption_report        S-T-A-R-T     $$$$$$$$$$$$$$$$$$$$$$$$$
2020-09-23 17:01:13 INFO  Log:81 - Login Successfull
2020-09-23 17:01:23 INFO  Log:81 - Clicked  workspace_lnk
2020-09-23 17:01:24 INFO  Log:81 - Toos_btn is visible on the page
2020-09-23 17:01:34 INFO  Log:81 - Clicked  workspace_lnk
2020-09-23 17:01:34 INFO  Log:81 - workspace selected
2020-09-23 17:01:53 INFO  Log:81 - Bubble : Analytics>Reporting>Spend and ConsumptionYOY Selected
2020-09-23 17:02:33 INFO  Log:81 - ELECTRIC selected from utility dropdown
2020-09-23 17:07:03 INFO  Log:81 - Forest Grove Selected
2020-09-23 17:07:04 INFO  Log:81 - SpendConsumptionYOY_table records saved to OUTPUT file YOYRecords sheet
2020-09-23 17:07:10 INFO  Log:81 - Generic exception e [stale element reference: element is not attached to the page document
  (Session info: chrome=85.0.4183.102)
For documentation on this error, please visit: https://www.seleniumhq.org/exceptions/stale_element_reference.html
Build info: version: '3.141.59', revision: 'e82be7d358', time: '2018-11-14T08:17:03'
System info: host: 'DESKTOP-2EOAABF', ip: '192.168.0.109', os.name: 'Windows 10', os.arch: 'amd64', os.version: '10.0', java.version: '12.0.2'
Driver info: org.openqa.selenium.chrome.ChromeDriver
Capabilities {acceptInsecureCerts: false, browserName: chrome, browserVersion: 85.0.4183.102, chrome: {chromedriverVersion: 85.0.4183.87 (cd6713ebf92fa..., userDataDir: C:\Users\hp\AppData\Local\T...}, goog:chromeOptions: {debuggerAddress: localhost:58247}, javascriptEnabled: true, networkConnectionEnabled: false, pageLoadStrategy: normal, platform: WINDOWS, platformName: WINDOWS, proxy: Proxy(), setWindowRect: true, strictFileInteractability: false, timeouts: {implicit: 0, pageLoad: 300000, script: 30000}, unhandledPromptBehavior: dismiss and notify, webauthn:virtualAuthenticators: true}
Session ID: 5383316e79127519ca4564ef059d3f3e]
2020-09-23 17:07:38 INFO  Log:81 - Bubble : Analytics>Reporting>Spend and Consumption Selected
2020-09-23 17:08:35 INFO  Log:75 - XXXXXXXXXXXXXXXXXXXXXXX     -E---N---D       Validate_YOY_Records_with_Spend_and_Consumption_report       E---N---D-     XXXXXXXXXXXXXXXXXXXXXX
2020-09-23 17:08:35 INFO  Log:76 - ****************************************************************************************
