2020-09-28 14:48:25 INFO  Log:62 - ****************************************************************************************
2020-09-28 14:48:25 INFO  Log:63 - $$$$$$$$$$$$$$$$$$$$$       S-T-A-R-T       Download_Validate_Spend_and_ConsumptionYOY_records_with_YOY_report        S-T-A-R-T     $$$$$$$$$$$$$$$$$$$$$$$$$
2020-09-28 14:48:59 INFO  Log:81 - Login Successfull
2020-09-28 14:49:10 INFO  Log:81 - Clicked  workspace_lnk
2020-09-28 14:49:10 INFO  Log:81 - Toos_btn is visible on the page
2020-09-28 14:49:21 INFO  Log:81 - Clicked  workspace_lnk
2020-09-28 14:49:21 INFO  Log:81 - workspace selected
2020-09-28 14:49:40 INFO  Log:81 - Bubble : Analytics>Reporting>Spend and ConsumptionYOY Selected
2020-09-28 14:50:26 INFO  Log:81 - WATER selected from utility dropdown
2020-09-28 14:54:46 INFO  Log:81 - Asbury Selected
2020-09-28 14:54:47 INFO  Log:81 - SpendConsumptionYOY_table records saved to OUTPUT file YOYRecords1 sheet
2020-09-28 14:54:53 INFO  Log:81 - Generic exception e [stale element reference: element is not attached to the page document
  (Session info: chrome=85.0.4183.121)
For documentation on this error, please visit: https://www.seleniumhq.org/exceptions/stale_element_reference.html
Build info: version: '3.141.59', revision: 'e82be7d358', time: '2018-11-14T08:17:03'
System info: host: 'DESKTOP-2EOAABF', ip: '192.168.0.109', os.name: 'Windows 10', os.arch: 'amd64', os.version: '10.0', java.version: '12.0.2'
Driver info: org.openqa.selenium.chrome.ChromeDriver
Capabilities {acceptInsecureCerts: false, browserName: chrome, browserVersion: 85.0.4183.121, chrome: {chromedriverVersion: 85.0.4183.87 (cd6713ebf92fa..., userDataDir: C:\Users\hp\AppData\Local\T...}, goog:chromeOptions: {debuggerAddress: localhost:53814}, javascriptEnabled: true, networkConnectionEnabled: false, pageLoadStrategy: normal, platform: WINDOWS, platformName: WINDOWS, proxy: Proxy(), setWindowRect: true, strictFileInteractability: false, timeouts: {implicit: 0, pageLoad: 300000, script: 30000}, unhandledPromptBehavior: dismiss and notify, webauthn:virtualAuthenticators: true}
Session ID: 1d7b59079212c0e7ff34e69e251c9e41]
2020-09-28 14:55:23 INFO  Log:81 - Bubble : Analytics>Reporting>Spend and ConsumptionYOY Selected
2020-09-28 14:56:32 INFO  Log:81 - WATER selected from utility dropdown
2020-09-28 14:57:25 INFO  Log:81 - Clicked  spendConsumptionYOYDownloadArrow
2020-09-28 14:57:32 INFO  Log:81 - SpendConsumptionYOY Report Downloaded to TestOutput
2020-09-28 14:57:32 INFO  Log:81 - Report Validation Started
2020-09-28 14:58:57 INFO  Log:81 - Report Validation Pass
2020-09-28 14:58:59 INFO  Log:75 - XXXXXXXXXXXXXXXXXXXXXXX     -E---N---D       Download_Validate_Spend_and_ConsumptionYOY_records_with_YOY_report       E---N---D-     XXXXXXXXXXXXXXXXXXXXXX
2020-09-28 14:58:59 INFO  Log:76 - ****************************************************************************************
